<?xml version="1.0" encoding="UTF-8"?>
<testsuite name="com.day17.test.HashTablesTest" tests="1" skipped="0" failures="0" errors="0" timestamp="2020-10-19T16:17:47" hostname="DESKTOP-9T3G1G1" time="0.005">
  <properties/>
  <testcase name="given_a_string_whenPassed_returnFreq" classname="com.day17.test.HashTablesTest" time="0.005"/>
  <system-out><![CDATA[]]></system-out>
  <system-err><![CDATA[]]></system-err>
</testsuite>
